<?xml version="1.0" encoding="UTF-8"?>
<!-- Generated by org.testng.reporters.JUnitReportReporter -->
<testsuite hostname="LAPTOP-7E9GFJ90" failures="0" tests="1" name="demo.NaukriProfile_Automated" time="94.684" errors="0" timestamp="2023-04-03T23:08:47 IST" skipped="0">
  <testcase classname="demo.NaukriProfile_Automated" name="TC" time="94.684"/>
  <system-out/>
</testsuite> <!-- demo.NaukriProfile_Automated -->
